Log File Which append Every Retweeted and liked tweet into this file, For Instance see Below Log

2021-04-17 11:23:10,212 
Tweet by: @RickLondonGreen#Button #Sale Google #1 ranked @LTCartoons
 #offbeat #cartoon #Buttons Order from the #comfort &amp; #security of ur ho… https://t.co/Sfb1rEoRWd
2021-04-17 11:23:10,215 ------------------------ Liked Above Tweet -------------------------
2021-04-17 11:23:10,225 
Tweet by: @ProfessorGeekThe latest Professor Geek Feed! https://t.co/p8EENSrs4C Thanks to @moezpycaretorg1 @jimallthetime @greyhairstories #iot #cybersecurity
2021-04-17 11:23:10,229 ===================== Retweeted Above Tweet ============================
2021-04-17 11:23:21,723 
Tweet by: @digital_trans4mOppo to launch 1st under 20K 5G ready phone in India - https://t.co/PiytjorXoi #5G #Security  CC:@Ronald_vanLoon https://t.co/sNDTlLkyz1
2021-04-17 11:23:21,723 ------------------------ Liked Above Tweet -------------------------
2021-04-17 11:23:32,228 
Tweet by: @JediMammothiOS Kids Game Morphs into Underground Crypto Casino A malicious ‘Jungle Run’ app tricked security protections to ma… https://t.co/eM9nyPHChT
2021-04-17 11:23:32,231 ===================== Retweeted Above Tweet ============================
2021-04-17 11:23:32,726 
Tweet by: @Password_GenSecure and random passphrase: brisket chirms easeful grappas | Strength: 0.953637/1.0 | #passphrase #passwords… https://t.co/M1HbQTcu4Z
2021-04-17 11:23:32,727 ------------------------ Liked Above Tweet -------------------------
2021-04-17 11:24:01,638 
Tweet by: @OffxecReadteam vs Blueteam is the equivalent to SpyVsSpy. Just saying 🤣

#pentesting #cybersecurity #hacking #redteam https://t.co/B3MLXG2hEq
2021-04-17 11:24:01,639 ===================== Retweeted Above Tweet ============================
2021-04-17 11:24:05,513 
Tweet by: @HawkShieldSec☀️ Glorious Day ☀️

Beautiful views from the South Dog Section Response Vehicle this morning whilst conducting it's… https://t.co/DQQL9UHUIn
2021-04-17 11:24:05,515 ------------------------ Liked Above Tweet -------------------------
2021-04-17 11:24:17,386 
